# JRE version: OpenJDK Runtime Environment (17.0.11) (build 17.0.11+0--11852314)
# Java VM: OpenJDK 64-Bit Server VM (17.0.11+0--11852314, mixed mode, tiered, compressed oops, compressed class ptrs, g1 gc, windows-amd64)
GC Precious Log:
 CPUs: 12 total, 12 available
 Memory: 7916M
 Large Page Support: Disabled
 NUMA Support: Disabled
 Compressed Oops: Enabled (32-bit)
 Heap Region Size: 1M
 Heap Min Capacity: 8M
 Heap Initial Capacity: 124M
 Heap Max Capacity: 2G
 Pre-touch: Disabled
 Parallel Workers: 10
 Concurrent Workers: 3
 Concurrent Refinement Workers: 10
 Periodic GC: Disabled
Heap:
 garbage-first heap   total 254976K, used 169905K [0x0000000080000000, 0x0000000100000000)
  region size 1024K, 19 young (19456K), 3 survivors (3072K)
 Metaspace       used 122064K, committed 122880K, reserved 1179648K
  class space    used 15966K, committed 16320K, reserved 1048576K
GC Heap History (20 events):
Event: 8.110 GC heap before
{Heap before GC invocations=33 (full 0):
 garbage-first heap   total 211968K, used 172938K [0x0000000080000000, 0x0000000100000000)
  region size 1024K, 84 young (86016K), 2 survivors (2048K)
 Metaspace       used 80139K, committed 80896K, reserved 1179648K
  class space    used 11274K, committed 11584K, reserved 1048576K
}
Event: 8.124 GC heap after
{Heap after GC invocations=34 (full 0):
 garbage-first heap   total 211968K, used 94902K [0x0000000080000000, 0x0000000100000000)
  region size 1024K, 11 young (11264K), 11 survivors (11264K)
 Metaspace       used 80139K, committed 80896K, reserved 1179648K
  class space    used 11274K, committed 11584K, reserved 1048576K
}
Event: 8.539 GC heap before
{Heap before GC invocations=34 (full 0):
 garbage-first heap   total 211968K, used 172726K [0x0000000080000000, 0x0000000100000000)
  region size 1024K, 78 young (79872K), 11 survivors (11264K)
 Metaspace       used 80800K, committed 81536K, reserved 1179648K
  class space    used 11356K, committed 11712K, reserved 1048576K
}
Event: 8.556 GC heap after
{Heap after GC invocations=35 (full 0):
 garbage-first heap   total 211968K, used 110347K [0x0000000080000000, 0x0000000100000000)
  region size 1024K, 10 young (10240K), 10 survivors (10240K)
 Metaspace       used 80800K, committed 81536K, reserved 1179648K
  class space    used 11356K, committed 11712K, reserved 1048576K
}
Event: 8.875 GC heap before
{Heap before GC invocations=35 (full 0):
 garbage-first heap   total 211968K, used 156427K [0x0000000080000000, 0x0000000100000000)
  region size 1024K, 44 young (45056K), 10 survivors (10240K)
 Metaspace       used 84582K, committed 85312K, reserved 1179648K
  class space    used 11795K, committed 12160K, reserved 1048576K
}
Event: 8.884 GC heap after
{Heap after GC invocations=36 (full 0):
 garbage-first heap   total 254976K, used 127797K [0x0000000080000000, 0x0000000100000000)
  region size 1024K, 5 young (5120K), 5 survivors (5120K)
 Metaspace       used 84582K, committed 85312K, reserved 1179648K
  class space    used 11795K, committed 12160K, reserved 1048576K
}
Event: 9.521 GC heap before
{Heap before GC invocations=36 (full 0):
 garbage-first heap   total 254976K, used 203573K [0x0000000080000000, 0x0000000100000000)
  region size 1024K, 74 young (75776K), 5 survivors (5120K)
 Metaspace       used 91256K, committed 92032K, reserved 1179648K
  class space    used 12436K, committed 12800K, reserved 1048576K
}
Event: 9.527 GC heap after
{Heap after GC invocations=37 (full 0):
 garbage-first heap   total 254976K, used 135748K [0x0000000080000000, 0x0000000100000000)
  region size 1024K, 10 young (10240K), 10 survivors (10240K)
 Metaspace       used 91256K, committed 92032K, reserved 1179648K
  class space    used 12436K, committed 12800K, reserved 1048576K
}
Event: 10.057 GC heap before
{Heap before GC invocations=37 (full 0):
 garbage-first heap   total 254976K, used 202308K [0x0000000080000000, 0x0000000100000000)
  region size 1024K, 75 young (76800K), 10 survivors (10240K)
 Metaspace       used 99739K, committed 100480K, reserved 1179648K
  class space    used 13505K, committed 13888K, reserved 1048576K
}
Event: 10.065 GC heap after
{Heap after GC invocations=38 (full 0):
 garbage-first heap   total 254976K, used 138612K [0x0000000080000000, 0x0000000100000000)
  region size 1024K, 3 young (3072K), 3 survivors (3072K)
 Metaspace       used 99739K, committed 100480K, reserved 1179648K
  class space    used 13505K, committed 13888K, reserved 1048576K
}
Event: 10.566 GC heap before
{Heap before GC invocations=38 (full 0):
 garbage-first heap   total 254976K, used 208244K [0x0000000080000000, 0x0000000100000000)
  region size 1024K, 70 young (71680K), 3 survivors (3072K)
 Metaspace       used 102535K, committed 103360K, reserved 1179648K
  class space    used 13817K, committed 14208K, reserved 1048576K
}
Event: 10.571 GC heap after
{Heap after GC invocations=39 (full 0):
 garbage-first heap   total 254976K, used 142687K [0x0000000080000000, 0x0000000100000000)
  region size 1024K, 7 young (7168K), 7 survivors (7168K)
 Metaspace       used 102535K, committed 103360K, reserved 1179648K
  class space    used 13817K, committed 14208K, reserved 1048576K
}
Event: 10.678 GC heap before
{Heap before GC invocations=39 (full 0):
 garbage-first heap   total 254976K, used 150879K [0x0000000080000000, 0x0000000100000000)
  region size 1024K, 16 young (16384K), 7 survivors (7168K)
 Metaspace       used 103591K, committed 104320K, reserved 1179648K
  class space    used 13916K, committed 14272K, reserved 1048576K
}
Event: 10.683 GC heap after
{Heap after GC invocations=40 (full 0):
 garbage-first heap   total 254976K, used 143648K [0x0000000080000000, 0x0000000100000000)
  region size 1024K, 6 young (6144K), 6 survivors (6144K)
 Metaspace       used 103591K, committed 104320K, reserved 1179648K
  class space    used 13916K, committed 14272K, reserved 1048576K
}
Event: 11.561 GC heap before
{Heap before GC invocations=41 (full 0):
 garbage-first heap   total 254976K, used 211232K [0x0000000080000000, 0x0000000100000000)
  region size 1024K, 72 young (73728K), 6 survivors (6144K)
 Metaspace       used 110826K, committed 111616K, reserved 1179648K
  class space    used 14818K, committed 15168K, reserved 1048576K
}
Event: 11.568 GC heap after
{Heap after GC invocations=42 (full 0):
 garbage-first heap   total 254976K, used 147168K [0x0000000080000000, 0x0000000100000000)
  region size 1024K, 5 young (5120K), 5 survivors (5120K)
 Metaspace       used 110826K, committed 111616K, reserved 1179648K
  class space    used 14818K, committed 15168K, reserved 1048576K
}
Event: 11.636 GC heap before
{Heap before GC invocations=42 (full 0):
 garbage-first heap   total 254976K, used 153312K [0x0000000080000000, 0x0000000100000000)
  region size 1024K, 12 young (12288K), 5 survivors (5120K)
 Metaspace       used 111721K, committed 112512K, reserved 1179648K
  class space    used 14904K, committed 15296K, reserved 1048576K
}
Event: 11.641 GC heap after
{Heap after GC invocations=43 (full 0):
 garbage-first heap   total 254976K, used 146635K [0x0000000080000000, 0x0000000100000000)
  region size 1024K, 1 young (1024K), 1 survivors (1024K)
 Metaspace       used 111721K, committed 112512K, reserved 1179648K
  class space    used 14904K, committed 15296K, reserved 1048576K
}
Event: 12.282 GC heap before
{Heap before GC invocations=43 (full 0):
 garbage-first heap   total 254976K, used 213195K [0x0000000080000000, 0x0000000100000000)
  region size 1024K, 65 young (66560K), 1 survivors (1024K)
 Metaspace       used 121347K, committed 122176K, reserved 1179648K
  class space    used 15851K, committed 16192K, reserved 1048576K
}
Event: 12.286 GC heap after
{Heap after GC invocations=44 (full 0):
 garbage-first heap   total 254976K, used 150449K [0x0000000080000000, 0x0000000100000000)
  region size 1024K, 3 young (3072K), 3 survivors (3072K)
 Metaspace       used 121347K, committed 122176K, reserved 1179648K
  class space    used 15851K, committed 16192K, reserved 1048576K
}

