# JRE version: OpenJDK Runtime Environment (17.0.11) (build 17.0.11+0--11852314)
# Java VM: OpenJDK 64-Bit Server VM (17.0.11+0--11852314, mixed mode, tiered, compressed oops, compressed class ptrs, g1 gc, windows-amd64)
GC Precious Log:
 CPUs: 12 total, 12 available
 Memory: 7916M
 Large Page Support: Disabled
 NUMA Support: Disabled
 Compressed Oops: Enabled (32-bit)
 Heap Region Size: 1M
 Heap Min Capacity: 8M
 Heap Initial Capacity: 124M
 Heap Max Capacity: 2G
 Pre-touch: Disabled
 Parallel Workers: 10
 Concurrent Workers: 3
 Concurrent Refinement Workers: 10
 Periodic GC: Disabled
Heap:
 garbage-first heap   total 244736K, used 159228K [0x0000000080000000, 0x0000000100000000)
  region size 1024K, 6 young (6144K), 6 survivors (6144K)
 Metaspace       used 109601K, committed 110464K, reserved 1179648K
  class space    used 14982K, committed 15424K, reserved 1048576K
GC Heap History (20 events):
Event: 11.542 GC heap after
{Heap after GC invocations=43 (full 0):
 garbage-first heap   total 173056K, used 93186K [0x0000000080000000, 0x0000000100000000)
  region size 1024K, 1 young (1024K), 1 survivors (1024K)
 Metaspace       used 94270K, committed 94912K, reserved 1179648K
  class space    used 13204K, committed 13504K, reserved 1048576K
}
Event: 11.951 GC heap before
{Heap before GC invocations=43 (full 0):
 garbage-first heap   total 173056K, used 142338K [0x0000000080000000, 0x0000000100000000)
  region size 1024K, 49 young (50176K), 1 survivors (1024K)
 Metaspace       used 97970K, committed 98688K, reserved 1179648K
  class space    used 13699K, committed 14016K, reserved 1048576K
}
Event: 11.955 GC heap after
{Heap after GC invocations=44 (full 0):
 garbage-first heap   total 207872K, used 96174K [0x0000000080000000, 0x0000000100000000)
  region size 1024K, 4 young (4096K), 4 survivors (4096K)
 Metaspace       used 97970K, committed 98688K, reserved 1179648K
  class space    used 13699K, committed 14016K, reserved 1048576K
}
Event: 13.225 GC heap before
{Heap before GC invocations=44 (full 0):
 garbage-first heap   total 207872K, used 167854K [0x0000000080000000, 0x0000000100000000)
  region size 1024K, 74 young (75776K), 4 survivors (4096K)
 Metaspace       used 100953K, committed 101696K, reserved 1179648K
  class space    used 14156K, committed 14528K, reserved 1048576K
}
Event: 13.233 GC heap after
{Heap after GC invocations=45 (full 0):
 garbage-first heap   total 207872K, used 103489K [0x0000000080000000, 0x0000000100000000)
  region size 1024K, 10 young (10240K), 10 survivors (10240K)
 Metaspace       used 100953K, committed 101696K, reserved 1179648K
  class space    used 14156K, committed 14528K, reserved 1048576K
}
Event: 13.613 GC heap before
{Heap before GC invocations=45 (full 0):
 garbage-first heap   total 207872K, used 164929K [0x0000000080000000, 0x0000000100000000)
  region size 1024K, 71 young (72704K), 10 survivors (10240K)
 Metaspace       used 101342K, committed 102016K, reserved 1179648K
  class space    used 14208K, committed 14528K, reserved 1048576K
}
Event: 13.631 GC heap after
{Heap after GC invocations=46 (full 0):
 garbage-first heap   total 207872K, used 106284K [0x0000000080000000, 0x0000000100000000)
  region size 1024K, 5 young (5120K), 5 survivors (5120K)
 Metaspace       used 101342K, committed 102016K, reserved 1179648K
  class space    used 14208K, committed 14528K, reserved 1048576K
}
Event: 14.414 GC heap before
{Heap before GC invocations=46 (full 0):
 garbage-first heap   total 207872K, used 172844K [0x0000000080000000, 0x0000000100000000)
  region size 1024K, 66 young (67584K), 5 survivors (5120K)
 Metaspace       used 104923K, committed 105728K, reserved 1179648K
  class space    used 14545K, committed 14912K, reserved 1048576K
}
Event: 14.421 GC heap after
{Heap after GC invocations=47 (full 0):
 garbage-first heap   total 207872K, used 110947K [0x0000000080000000, 0x0000000100000000)
  region size 1024K, 9 young (9216K), 9 survivors (9216K)
 Metaspace       used 104923K, committed 105728K, reserved 1179648K
  class space    used 14545K, committed 14912K, reserved 1048576K
}
Event: 15.442 GC heap before
{Heap before GC invocations=47 (full 0):
 garbage-first heap   total 207872K, used 176483K [0x0000000080000000, 0x0000000100000000)
  region size 1024K, 65 young (66560K), 9 survivors (9216K)
 Metaspace       used 105255K, committed 106112K, reserved 1179648K
  class space    used 14570K, committed 14976K, reserved 1048576K
}
Event: 15.458 GC heap after
{Heap after GC invocations=48 (full 0):
 garbage-first heap   total 210944K, used 136794K [0x0000000080000000, 0x0000000100000000)
  region size 1024K, 9 young (9216K), 9 survivors (9216K)
 Metaspace       used 105255K, committed 106112K, reserved 1179648K
  class space    used 14570K, committed 14976K, reserved 1048576K
}
Event: 15.731 GC heap before
{Heap before GC invocations=48 (full 0):
 garbage-first heap   total 210944K, used 175706K [0x0000000080000000, 0x0000000100000000)
  region size 1024K, 40 young (40960K), 9 survivors (9216K)
 Metaspace       used 105590K, committed 106368K, reserved 1179648K
  class space    used 14593K, committed 14976K, reserved 1048576K
}
Event: 15.742 GC heap after
{Heap after GC invocations=49 (full 0):
 garbage-first heap   total 210944K, used 143707K [0x0000000080000000, 0x0000000100000000)
  region size 1024K, 5 young (5120K), 5 survivors (5120K)
 Metaspace       used 105590K, committed 106368K, reserved 1179648K
  class space    used 14593K, committed 14976K, reserved 1048576K
}
Event: 16.063 GC heap before
{Heap before GC invocations=50 (full 0):
 garbage-first heap   total 244736K, used 200027K [0x0000000080000000, 0x0000000100000000)
  region size 1024K, 33 young (33792K), 5 survivors (5120K)
 Metaspace       used 105944K, committed 106816K, reserved 1179648K
  class space    used 14632K, committed 15040K, reserved 1048576K
}
Event: 16.080 GC heap after
{Heap after GC invocations=51 (full 0):
 garbage-first heap   total 244736K, used 145792K [0x0000000080000000, 0x0000000100000000)
  region size 1024K, 2 young (2048K), 2 survivors (2048K)
 Metaspace       used 105944K, committed 106816K, reserved 1179648K
  class space    used 14632K, committed 15040K, reserved 1048576K
}
Event: 16.105 GC heap before
{Heap before GC invocations=51 (full 0):
 garbage-first heap   total 244736K, used 155008K [0x0000000080000000, 0x0000000100000000)
  region size 1024K, 11 young (11264K), 2 survivors (2048K)
 Metaspace       used 105968K, committed 106816K, reserved 1179648K
  class space    used 14634K, committed 15040K, reserved 1048576K
}
Event: 16.120 GC heap after
{Heap after GC invocations=52 (full 0):
 garbage-first heap   total 244736K, used 145844K [0x0000000080000000, 0x0000000100000000)
  region size 1024K, 2 young (2048K), 2 survivors (2048K)
 Metaspace       used 105968K, committed 106816K, reserved 1179648K
  class space    used 14634K, committed 15040K, reserved 1048576K
}
Event: 16.352 GC heap before
{Heap before GC invocations=52 (full 0):
 garbage-first heap   total 244736K, used 194996K [0x0000000080000000, 0x0000000100000000)
  region size 1024K, 51 young (52224K), 2 survivors (2048K)
 Metaspace       used 107724K, committed 108608K, reserved 1179648K
  class space    used 14780K, committed 15232K, reserved 1048576K
}
Event: 16.359 GC heap after
{Heap after GC invocations=53 (full 0):
 garbage-first heap   total 244736K, used 153323K [0x0000000080000000, 0x0000000100000000)
  region size 1024K, 7 young (7168K), 7 survivors (7168K)
 Metaspace       used 107724K, committed 108608K, reserved 1179648K
  class space    used 14780K, committed 15232K, reserved 1048576K
}
Event: 16.560 GC heap before
{Heap before GC invocations=53 (full 0):
 garbage-first heap   total 244736K, used 197355K [0x0000000080000000, 0x0000000100000000)
  region size 1024K, 51 young (52224K), 7 survivors (7168K)
 Metaspace       used 109601K, committed 110464K, reserved 1179648K
  class space    used 14982K, committed 15424K, reserved 1048576K
}

