# JRE version: OpenJDK Runtime Environment (17.0.11) (build 17.0.11+0--11852314)
# Java VM: OpenJDK 64-Bit Server VM (17.0.11+0--11852314, mixed mode, tiered, compressed oops, compressed class ptrs, g1 gc, windows-amd64)
GC Precious Log:
 CPUs: 12 total, 12 available
 Memory: 7916M
 Large Page Support: Disabled
 NUMA Support: Disabled
 Compressed Oops: Enabled (32-bit)
 Heap Region Size: 1M
 Heap Min Capacity: 8M
 Heap Initial Capacity: 124M
 Heap Max Capacity: 2G
 Pre-touch: Disabled
 Parallel Workers: 10
 Concurrent Workers: 3
 Concurrent Refinement Workers: 10
 Periodic GC: Disabled
Heap:
 garbage-first heap   total 248832K, used 144453K [0x0000000080000000, 0x0000000100000000)
  region size 1024K, 3 young (3072K), 3 survivors (3072K)
 Metaspace       used 104071K, committed 104832K, reserved 1179648K
  class space    used 14123K, committed 14464K, reserved 1048576K
GC Heap History (20 events):
Event: 5.891 GC heap after
{Heap after GC invocations=27 (full 0):
 garbage-first heap   total 132096K, used 68658K [0x0000000080000000, 0x0000000100000000)
  region size 1024K, 3 young (3072K), 3 survivors (3072K)
 Metaspace       used 57160K, committed 57664K, reserved 1114112K
  class space    used 7784K, committed 8000K, reserved 1048576K
}
Event: 6.393 GC heap before
{Heap before GC invocations=28 (full 0):
 garbage-first heap   total 132096K, used 113714K [0x0000000080000000, 0x0000000100000000)
  region size 1024K, 40 young (40960K), 3 survivors (3072K)
 Metaspace       used 60151K, committed 60736K, reserved 1114112K
  class space    used 8109K, committed 8384K, reserved 1048576K
}
Event: 6.397 GC heap after
{Heap after GC invocations=29 (full 0):
 garbage-first heap   total 248832K, used 76848K [0x0000000080000000, 0x0000000100000000)
  region size 1024K, 5 young (5120K), 5 survivors (5120K)
 Metaspace       used 60151K, committed 60736K, reserved 1114112K
  class space    used 8109K, committed 8384K, reserved 1048576K
}
Event: 6.471 GC heap before
{Heap before GC invocations=29 (full 0):
 garbage-first heap   total 248832K, used 82992K [0x0000000080000000, 0x0000000100000000)
  region size 1024K, 12 young (12288K), 5 survivors (5120K)
 Metaspace       used 60928K, committed 61504K, reserved 1114112K
  class space    used 8243K, committed 8512K, reserved 1048576K
}
Event: 6.474 GC heap after
{Heap after GC invocations=30 (full 0):
 garbage-first heap   total 248832K, used 77291K [0x0000000080000000, 0x0000000100000000)
  region size 1024K, 1 young (1024K), 1 survivors (1024K)
 Metaspace       used 60928K, committed 61504K, reserved 1114112K
  class space    used 8243K, committed 8512K, reserved 1048576K
}
Event: 7.646 GC heap before
{Heap before GC invocations=30 (full 0):
 garbage-first heap   total 248832K, used 160235K [0x0000000080000000, 0x0000000100000000)
  region size 1024K, 82 young (83968K), 1 survivors (1024K)
 Metaspace       used 67977K, committed 68608K, reserved 1114112K
  class space    used 9348K, committed 9600K, reserved 1048576K
}
Event: 7.655 GC heap after
{Heap after GC invocations=31 (full 0):
 garbage-first heap   total 248832K, used 84274K [0x0000000080000000, 0x0000000100000000)
  region size 1024K, 8 young (8192K), 8 survivors (8192K)
 Metaspace       used 67977K, committed 68608K, reserved 1114112K
  class space    used 9348K, committed 9600K, reserved 1048576K
}
Event: 8.670 GC heap before
{Heap before GC invocations=31 (full 0):
 garbage-first heap   total 248832K, used 185650K [0x0000000080000000, 0x0000000100000000)
  region size 1024K, 108 young (110592K), 8 survivors (8192K)
 Metaspace       used 77160K, committed 77824K, reserved 1179648K
  class space    used 10999K, committed 11328K, reserved 1048576K
}
Event: 8.679 GC heap after
{Heap after GC invocations=32 (full 0):
 garbage-first heap   total 248832K, used 88846K [0x0000000080000000, 0x0000000100000000)
  region size 1024K, 12 young (12288K), 12 survivors (12288K)
 Metaspace       used 77160K, committed 77824K, reserved 1179648K
  class space    used 10999K, committed 11328K, reserved 1048576K
}
Event: 9.576 GC heap before
{Heap before GC invocations=32 (full 0):
 garbage-first heap   total 248832K, used 200462K [0x0000000080000000, 0x0000000100000000)
  region size 1024K, 112 young (114688K), 12 survivors (12288K)
 Metaspace       used 86162K, committed 86912K, reserved 1179648K
  class space    used 12100K, committed 12416K, reserved 1048576K
}
Event: 9.596 GC heap after
{Heap after GC invocations=33 (full 0):
 garbage-first heap   total 248832K, used 104143K [0x0000000080000000, 0x0000000100000000)
  region size 1024K, 14 young (14336K), 14 survivors (14336K)
 Metaspace       used 86162K, committed 86912K, reserved 1179648K
  class space    used 12100K, committed 12416K, reserved 1048576K
}
Event: 10.178 GC heap before
{Heap before GC invocations=33 (full 0):
 garbage-first heap   total 248832K, used 199375K [0x0000000080000000, 0x0000000100000000)
  region size 1024K, 99 young (101376K), 14 survivors (14336K)
 Metaspace       used 89905K, committed 90688K, reserved 1179648K
  class space    used 12542K, committed 12864K, reserved 1048576K
}
Event: 10.241 GC heap after
{Heap after GC invocations=34 (full 0):
 garbage-first heap   total 248832K, used 119252K [0x0000000080000000, 0x0000000100000000)
  region size 1024K, 13 young (13312K), 13 survivors (13312K)
 Metaspace       used 89905K, committed 90688K, reserved 1179648K
  class space    used 12542K, committed 12864K, reserved 1048576K
}
Event: 10.306 GC heap before
{Heap before GC invocations=34 (full 0):
 garbage-first heap   total 248832K, used 123348K [0x0000000080000000, 0x0000000100000000)
  region size 1024K, 18 young (18432K), 13 survivors (13312K)
 Metaspace       used 90383K, committed 91136K, reserved 1179648K
  class space    used 12606K, committed 12928K, reserved 1048576K
}
Event: 10.314 GC heap after
{Heap after GC invocations=35 (full 0):
 garbage-first heap   total 248832K, used 122665K [0x0000000080000000, 0x0000000100000000)
  region size 1024K, 3 young (3072K), 3 survivors (3072K)
 Metaspace       used 90383K, committed 91136K, reserved 1179648K
  class space    used 12606K, committed 12928K, reserved 1048576K
}
Event: 11.034 GC heap before
{Heap before GC invocations=36 (full 0):
 garbage-first heap   total 248832K, used 212777K [0x0000000080000000, 0x0000000100000000)
  region size 1024K, 74 young (75776K), 3 survivors (3072K)
 Metaspace       used 96572K, committed 97344K, reserved 1179648K
  class space    used 13206K, committed 13568K, reserved 1048576K
}
Event: 11.039 GC heap after
{Heap after GC invocations=37 (full 0):
 garbage-first heap   total 248832K, used 143784K [0x0000000080000000, 0x0000000100000000)
  region size 1024K, 9 young (9216K), 9 survivors (9216K)
 Metaspace       used 96572K, committed 97344K, reserved 1179648K
  class space    used 13206K, committed 13568K, reserved 1048576K
}
Event: 11.063 GC heap before
{Heap before GC invocations=37 (full 0):
 garbage-first heap   total 248832K, used 146856K [0x0000000080000000, 0x0000000100000000)
  region size 1024K, 12 young (12288K), 9 survivors (9216K)
 Metaspace       used 96879K, committed 97600K, reserved 1179648K
  class space    used 13241K, committed 13568K, reserved 1048576K
}
Event: 11.072 GC heap after
{Heap after GC invocations=38 (full 0):
 garbage-first heap   total 248832K, used 142993K [0x0000000080000000, 0x0000000100000000)
  region size 1024K, 1 young (1024K), 1 survivors (1024K)
 Metaspace       used 96879K, committed 97600K, reserved 1179648K
  class space    used 13241K, committed 13568K, reserved 1048576K
}
Event: 11.653 GC heap before
{Heap before GC invocations=38 (full 0):
 garbage-first heap   total 248832K, used 202385K [0x0000000080000000, 0x0000000100000000)
  region size 1024K, 59 young (60416K), 1 survivors (1024K)
 Metaspace       used 104071K, committed 104832K, reserved 1179648K
  class space    used 14123K, committed 14464K, reserved 1048576K
}

