# JRE version: OpenJDK Runtime Environment (17.0.11) (build 17.0.11+0--11852314)
# Java VM: OpenJDK 64-Bit Server VM (17.0.11+0--11852314, mixed mode, tiered, compressed oops, compressed class ptrs, g1 gc, windows-amd64)
GC Precious Log:
 CPUs: 12 total, 12 available
 Memory: 7916M
 Large Page Support: Disabled
 NUMA Support: Disabled
 Compressed Oops: Enabled (32-bit)
 Heap Region Size: 1M
 Heap Min Capacity: 8M
 Heap Initial Capacity: 124M
 Heap Max Capacity: 2G
 Pre-touch: Disabled
 Parallel Workers: 10
 Concurrent Workers: 3
 Concurrent Refinement Workers: 10
 Periodic GC: Disabled
Heap:
 garbage-first heap   total 174080K, used 113494K [0x0000000080000000, 0x0000000100000000)
  region size 1024K, 3 young (3072K), 3 survivors (3072K)
 Metaspace       used 73634K, committed 74304K, reserved 1114112K
  class space    used 10002K, committed 10304K, reserved 1048576K
GC Heap History (20 events):
Event: 5.974 GC heap after
{Heap after GC invocations=22 (full 0):
 garbage-first heap   total 140288K, used 71840K [0x0000000080000000, 0x0000000100000000)
  region size 1024K, 4 young (4096K), 4 survivors (4096K)
 Metaspace       used 56327K, committed 56896K, reserved 1114112K
  class space    used 7614K, committed 7872K, reserved 1048576K
}
Event: 6.364 GC heap before
{Heap before GC invocations=23 (full 0):
 garbage-first heap   total 140288K, used 101536K [0x0000000080000000, 0x0000000100000000)
  region size 1024K, 33 young (33792K), 4 survivors (4096K)
 Metaspace       used 59351K, committed 59904K, reserved 1114112K
  class space    used 8147K, committed 8384K, reserved 1048576K
}
Event: 6.369 GC heap after
{Heap after GC invocations=24 (full 0):
 garbage-first heap   total 140288K, used 73442K [0x0000000080000000, 0x0000000100000000)
  region size 1024K, 4 young (4096K), 4 survivors (4096K)
 Metaspace       used 59351K, committed 59904K, reserved 1114112K
  class space    used 8147K, committed 8384K, reserved 1048576K
}
Event: 6.392 GC heap before
{Heap before GC invocations=24 (full 0):
 garbage-first heap   total 140288K, used 75490K [0x0000000080000000, 0x0000000100000000)
  region size 1024K, 6 young (6144K), 4 survivors (4096K)
 Metaspace       used 59563K, committed 60160K, reserved 1114112K
  class space    used 8185K, committed 8448K, reserved 1048576K
}
Event: 6.395 GC heap after
{Heap after GC invocations=25 (full 0):
 garbage-first heap   total 168960K, used 73881K [0x0000000080000000, 0x0000000100000000)
  region size 1024K, 1 young (1024K), 1 survivors (1024K)
 Metaspace       used 59563K, committed 60160K, reserved 1114112K
  class space    used 8185K, committed 8448K, reserved 1048576K
}
Event: 7.099 GC heap before
{Heap before GC invocations=25 (full 0):
 garbage-first heap   total 168960K, used 119961K [0x0000000080000000, 0x0000000100000000)
  region size 1024K, 46 young (47104K), 1 survivors (1024K)
 Metaspace       used 61917K, committed 62592K, reserved 1114112K
  class space    used 8491K, committed 8768K, reserved 1048576K
}
Event: 7.103 GC heap after
{Heap after GC invocations=26 (full 0):
 garbage-first heap   total 168960K, used 79928K [0x0000000080000000, 0x0000000100000000)
  region size 1024K, 6 young (6144K), 6 survivors (6144K)
 Metaspace       used 61917K, committed 62592K, reserved 1114112K
  class space    used 8491K, committed 8768K, reserved 1048576K
}
Event: 7.313 GC heap before
{Heap before GC invocations=26 (full 0):
 garbage-first heap   total 168960K, used 110648K [0x0000000080000000, 0x0000000100000000)
  region size 1024K, 37 young (37888K), 6 survivors (6144K)
 Metaspace       used 62235K, committed 62976K, reserved 1114112K
  class space    used 8511K, committed 8832K, reserved 1048576K
}
Event: 7.317 GC heap after
{Heap after GC invocations=27 (full 0):
 garbage-first heap   total 168960K, used 82529K [0x0000000080000000, 0x0000000100000000)
  region size 1024K, 4 young (4096K), 4 survivors (4096K)
 Metaspace       used 62235K, committed 62976K, reserved 1114112K
  class space    used 8511K, committed 8832K, reserved 1048576K
}
Event: 7.963 GC heap before
{Heap before GC invocations=28 (full 0):
 garbage-first heap   total 168960K, used 139873K [0x0000000080000000, 0x0000000100000000)
  region size 1024K, 47 young (48128K), 4 survivors (4096K)
 Metaspace       used 64773K, committed 65408K, reserved 1114112K
  class space    used 8854K, committed 9152K, reserved 1048576K
}
Event: 7.968 GC heap after
{Heap after GC invocations=29 (full 0):
 garbage-first heap   total 168960K, used 103024K [0x0000000080000000, 0x0000000100000000)
  region size 1024K, 6 young (6144K), 6 survivors (6144K)
 Metaspace       used 64773K, committed 65408K, reserved 1114112K
  class space    used 8854K, committed 9152K, reserved 1048576K
}
Event: 7.998 GC heap before
{Heap before GC invocations=29 (full 0):
 garbage-first heap   total 168960K, used 105072K [0x0000000080000000, 0x0000000100000000)
  region size 1024K, 8 young (8192K), 6 survivors (6144K)
 Metaspace       used 64905K, committed 65600K, reserved 1114112K
  class space    used 8877K, committed 9216K, reserved 1048576K
}
Event: 8.002 GC heap after
{Heap after GC invocations=30 (full 0):
 garbage-first heap   total 168960K, used 102838K [0x0000000080000000, 0x0000000100000000)
  region size 1024K, 1 young (1024K), 1 survivors (1024K)
 Metaspace       used 64905K, committed 65600K, reserved 1114112K
  class space    used 8877K, committed 9216K, reserved 1048576K
}
Event: 8.297 GC heap before
{Heap before GC invocations=30 (full 0):
 garbage-first heap   total 168960K, used 134582K [0x0000000080000000, 0x0000000100000000)
  region size 1024K, 32 young (32768K), 1 survivors (1024K)
 Metaspace       used 68089K, committed 68800K, reserved 1114112K
  class space    used 9223K, committed 9600K, reserved 1048576K
}
Event: 8.300 GC heap after
{Heap after GC invocations=31 (full 0):
 garbage-first heap   total 168960K, used 103114K [0x0000000080000000, 0x0000000100000000)
  region size 1024K, 1 young (1024K), 1 survivors (1024K)
 Metaspace       used 68089K, committed 68800K, reserved 1114112K
  class space    used 9223K, committed 9600K, reserved 1048576K
}
Event: 8.635 GC heap before
{Heap before GC invocations=32 (full 0):
 garbage-first heap   total 174080K, used 142026K [0x0000000080000000, 0x0000000100000000)
  region size 1024K, 35 young (35840K), 1 survivors (1024K)
 Metaspace       used 71570K, committed 72320K, reserved 1114112K
  class space    used 9713K, committed 10048K, reserved 1048576K
}
Event: 8.639 GC heap after
{Heap after GC invocations=33 (full 0):
 garbage-first heap   total 174080K, used 110463K [0x0000000080000000, 0x0000000100000000)
  region size 1024K, 5 young (5120K), 5 survivors (5120K)
 Metaspace       used 71570K, committed 72320K, reserved 1114112K
  class space    used 9713K, committed 10048K, reserved 1048576K
}
Event: 8.643 GC heap before
{Heap before GC invocations=33 (full 0):
 garbage-first heap   total 174080K, used 113535K [0x0000000080000000, 0x0000000100000000)
  region size 1024K, 8 young (8192K), 5 survivors (5120K)
 Metaspace       used 71570K, committed 72320K, reserved 1114112K
  class space    used 9713K, committed 10048K, reserved 1048576K
}
Event: 8.647 GC heap after
{Heap after GC invocations=34 (full 0):
 garbage-first heap   total 174080K, used 111277K [0x0000000080000000, 0x0000000100000000)
  region size 1024K, 1 young (1024K), 1 survivors (1024K)
 Metaspace       used 71570K, committed 72320K, reserved 1114112K
  class space    used 9713K, committed 10048K, reserved 1048576K
}
Event: 8.981 GC heap before
{Heap before GC invocations=34 (full 0):
 garbage-first heap   total 174080K, used 143021K [0x0000000080000000, 0x0000000100000000)
  region size 1024K, 31 young (31744K), 1 survivors (1024K)
 Metaspace       used 73634K, committed 74304K, reserved 1114112K
  class space    used 10002K, committed 10304K, reserved 1048576K
}

