# JRE version: OpenJDK Runtime Environment (17.0.11) (build 17.0.11+0--11852314)
# Java VM: OpenJDK 64-Bit Server VM (17.0.11+0--11852314, mixed mode, tiered, compressed oops, compressed class ptrs, g1 gc, windows-amd64)
GC Precious Log:
 CPUs: 12 total, 12 available
 Memory: 7916M
 Large Page Support: Disabled
 NUMA Support: Disabled
 Compressed Oops: Enabled (32-bit)
 Heap Region Size: 1M
 Heap Min Capacity: 8M
 Heap Initial Capacity: 124M
 Heap Max Capacity: 2G
 Pre-touch: Disabled
 Parallel Workers: 10
 Concurrent Workers: 3
 Concurrent Refinement Workers: 10
 Periodic GC: Disabled
Heap:
 garbage-first heap   total 283648K, used 161946K [0x0000000080000000, 0x0000000100000000)
  region size 1024K, 4 young (4096K), 4 survivors (4096K)
 Metaspace       used 138747K, committed 139904K, reserved 1179648K
  class space    used 19551K, committed 20160K, reserved 1048576K
GC Heap History (20 events):
Event: 32.112 GC heap after
{Heap after GC invocations=45 (full 0):
 garbage-first heap   total 283648K, used 128908K [0x0000000080000000, 0x0000000100000000)
  region size 1024K, 6 young (6144K), 6 survivors (6144K)
 Metaspace       used 122151K, committed 123008K, reserved 1179648K
  class space    used 17027K, committed 17472K, reserved 1048576K
}
Event: 33.281 GC heap before
{Heap before GC invocations=45 (full 0):
 garbage-first heap   total 283648K, used 219020K [0x0000000080000000, 0x0000000100000000)
  region size 1024K, 73 young (74752K), 6 survivors (6144K)
 Metaspace       used 129875K, committed 130944K, reserved 1179648K
  class space    used 18372K, committed 18880K, reserved 1048576K
}
Event: 33.298 GC heap after
{Heap after GC invocations=46 (full 0):
 garbage-first heap   total 283648K, used 149789K [0x0000000080000000, 0x0000000100000000)
  region size 1024K, 8 young (8192K), 8 survivors (8192K)
 Metaspace       used 129875K, committed 130944K, reserved 1179648K
  class space    used 18372K, committed 18880K, reserved 1048576K
}
Event: 33.329 GC heap before
{Heap before GC invocations=46 (full 0):
 garbage-first heap   total 283648K, used 159005K [0x0000000080000000, 0x0000000100000000)
  region size 1024K, 9 young (9216K), 8 survivors (8192K)
 Metaspace       used 129878K, committed 130944K, reserved 1179648K
  class space    used 18372K, committed 18880K, reserved 1048576K
}
Event: 33.352 GC heap after
{Heap after GC invocations=47 (full 0):
 garbage-first heap   total 283648K, used 158835K [0x0000000080000000, 0x0000000100000000)
  region size 1024K, 3 young (3072K), 3 survivors (3072K)
 Metaspace       used 129878K, committed 130944K, reserved 1179648K
  class space    used 18372K, committed 18880K, reserved 1048576K
}
Event: 33.676 GC heap before
{Heap before GC invocations=47 (full 0):
 garbage-first heap   total 283648K, used 170099K [0x0000000080000000, 0x0000000100000000)
  region size 1024K, 5 young (5120K), 3 survivors (3072K)
 Metaspace       used 130048K, committed 131072K, reserved 1179648K
  class space    used 18398K, committed 18880K, reserved 1048576K
}
Event: 33.706 GC heap after
{Heap after GC invocations=48 (full 0):
 garbage-first heap   total 283648K, used 129784K [0x0000000080000000, 0x0000000100000000)
  region size 1024K, 3 young (3072K), 3 survivors (3072K)
 Metaspace       used 130048K, committed 131072K, reserved 1179648K
  class space    used 18398K, committed 18880K, reserved 1048576K
}
Event: 33.713 GC heap before
{Heap before GC invocations=48 (full 0):
 garbage-first heap   total 283648K, used 140024K [0x0000000080000000, 0x0000000100000000)
  region size 1024K, 4 young (4096K), 3 survivors (3072K)
 Metaspace       used 130055K, committed 131072K, reserved 1179648K
  class space    used 18398K, committed 18880K, reserved 1048576K
}
Event: 33.716 GC heap after
{Heap after GC invocations=49 (full 0):
 garbage-first heap   total 283648K, used 139897K [0x0000000080000000, 0x0000000100000000)
  region size 1024K, 3 young (3072K), 3 survivors (3072K)
 Metaspace       used 130055K, committed 131072K, reserved 1179648K
  class space    used 18398K, committed 18880K, reserved 1048576K
}
Event: 85.023 GC heap before
{Heap before GC invocations=50 (full 0):
 garbage-first heap   total 283648K, used 251513K [0x0000000080000000, 0x0000000100000000)
  region size 1024K, 103 young (105472K), 3 survivors (3072K)
 Metaspace       used 131758K, committed 132736K, reserved 1179648K
  class space    used 18604K, committed 19072K, reserved 1048576K
}
Event: 85.064 GC heap after
{Heap after GC invocations=51 (full 0):
 garbage-first heap   total 283648K, used 138367K [0x0000000080000000, 0x0000000100000000)
  region size 1024K, 11 young (11264K), 11 survivors (11264K)
 Metaspace       used 131758K, committed 132736K, reserved 1179648K
  class space    used 18604K, committed 19072K, reserved 1048576K
}
Event: 85.096 GC heap before
{Heap before GC invocations=51 (full 0):
 garbage-first heap   total 283648K, used 140415K [0x0000000080000000, 0x0000000100000000)
  region size 1024K, 13 young (13312K), 11 survivors (11264K)
 Metaspace       used 131764K, committed 132736K, reserved 1179648K
  class space    used 18604K, committed 19072K, reserved 1048576K
}
Event: 85.133 GC heap after
{Heap after GC invocations=52 (full 0):
 garbage-first heap   total 283648K, used 137014K [0x0000000080000000, 0x0000000100000000)
  region size 1024K, 2 young (2048K), 2 survivors (2048K)
 Metaspace       used 131764K, committed 132736K, reserved 1179648K
  class space    used 18604K, committed 19072K, reserved 1048576K
}
Event: 112.037 GC heap before
{Heap before GC invocations=52 (full 0):
 garbage-first heap   total 283648K, used 237366K [0x0000000080000000, 0x0000000100000000)
  region size 1024K, 100 young (102400K), 2 survivors (2048K)
 Metaspace       used 132249K, committed 133248K, reserved 1179648K
  class space    used 18638K, committed 19136K, reserved 1048576K
}
Event: 112.057 GC heap after
{Heap after GC invocations=53 (full 0):
 garbage-first heap   total 283648K, used 145715K [0x0000000080000000, 0x0000000100000000)
  region size 1024K, 10 young (10240K), 10 survivors (10240K)
 Metaspace       used 132249K, committed 133248K, reserved 1179648K
  class space    used 18638K, committed 19136K, reserved 1048576K
}
Event: 461.618 GC heap before
{Heap before GC invocations=54 (full 0):
 garbage-first heap   total 283648K, used 250163K [0x0000000080000000, 0x0000000100000000)
  region size 1024K, 97 young (99328K), 10 survivors (10240K)
 Metaspace       used 135959K, committed 137088K, reserved 1179648K
  class space    used 19090K, committed 19648K, reserved 1048576K
}
Event: 461.819 GC heap after
{Heap after GC invocations=55 (full 0):
 garbage-first heap   total 283648K, used 166191K [0x0000000080000000, 0x0000000100000000)
  region size 1024K, 10 young (10240K), 10 survivors (10240K)
 Metaspace       used 135959K, committed 137088K, reserved 1179648K
  class space    used 19090K, committed 19648K, reserved 1048576K
}
Event: 461.874 GC heap before
{Heap before GC invocations=55 (full 0):
 garbage-first heap   total 283648K, used 168239K [0x0000000080000000, 0x0000000100000000)
  region size 1024K, 13 young (13312K), 10 survivors (10240K)
 Metaspace       used 136519K, committed 137600K, reserved 1179648K
  class space    used 19158K, committed 19712K, reserved 1048576K
}
Event: 461.928 GC heap after
{Heap after GC invocations=56 (full 0):
 garbage-first heap   total 283648K, used 159459K [0x0000000080000000, 0x0000000100000000)
  region size 1024K, 2 young (2048K), 2 survivors (2048K)
 Metaspace       used 136519K, committed 137600K, reserved 1179648K
  class space    used 19158K, committed 19712K, reserved 1048576K
}
Event: 462.488 GC heap before
{Heap before GC invocations=56 (full 0):
 garbage-first heap   total 283648K, used 233187K [0x0000000080000000, 0x0000000100000000)
  region size 1024K, 74 young (75776K), 2 survivors (2048K)
 Metaspace       used 138747K, committed 139904K, reserved 1179648K
  class space    used 19551K, committed 20160K, reserved 1048576K
}

